<?xml version="1.0" encoding="UTF-8"?>
<!-- Generated by org.testng.reporters.JUnitXMLReporter -->
<testsuite hostname="madhavi" name="ChromeTest" tests="1" failures="1" timestamp="30 Sep 2018 04:01:48 GMT" time="2.083" errors="0">
  <testcase name="@AfterTest closeBrowser" time="0.0" classname="com.selenium.GridTestclass">
    <failure type="java.lang.NullPointerException">
      <![CDATA[java.lang.NullPointerException
	at com.selenium.GridTestclass.closeBrowser(GridTestclass.java:149)
... Removed 22 stack frames]]>
    </failure>
  </testcase> <!-- @AfterTest closeBrowser -->
  <testcase name="testUnameBlankMessage" time="0.0" classname="com.selenium.GridTestclass">
    <failure type="java.lang.NullPointerException">
      <![CDATA[java.lang.NullPointerException
	at com.selenium.GridTestclass.testUnameBlankMessage(GridTestclass.java:106)
... Removed 24 stack frames]]>
    </failure>
  </testcase> <!-- testUnameBlankMessage -->
</testsuite> <!-- ChromeTest -->
