<?xml version="1.0" encoding="UTF-8"?>
<!-- Generated by org.testng.reporters.JUnitXMLReporter -->
<testsuite hostname="madhavi" name="IETest" tests="1" failures="0" timestamp="29 Sep 2018 09:12:06 GMT" time="0.019" errors="0">
  <testcase name="@BeforeTest launchapp" time="0.0" classname="com.selenium.GridTestclass">
    <failure type="java.lang.IllegalArgumentException" message="The Browser Type is Undefined">
      <![CDATA[java.lang.IllegalArgumentException: The Browser Type is Undefined
	at com.selenium.GridTestclass.launchapp(GridTestclass.java:92)
... Removed 22 stack frames]]>
    </failure>
  </testcase> <!-- @BeforeTest launchapp -->
  <testcase name="@AfterTest closeBrowser" time="0.0" classname="com.selenium.GridTestclass">
    <skipped/>
  </testcase> <!-- @AfterTest closeBrowser -->
  <testcase name="testUnameBlankMessage" time="0.003" classname="com.selenium.GridTestclass">
    <skipped/>
  </testcase> <!-- testUnameBlankMessage -->
</testsuite> <!-- IETest -->
