<?xml version="1.0" encoding="UTF-8"?>
<testng-results skipped="1" failed="0" total="1" passed="0">
  <reporter-output>
  </reporter-output>
  <suite name="Default suite" duration-ms="109" started-at="2018-12-24T09:54:31Z" finished-at="2018-12-24T09:54:31Z">
    <groups>
    </groups>
    <test name="Default test" duration-ms="109" started-at="2018-12-24T09:54:31Z" finished-at="2018-12-24T09:54:31Z">
      <class name="com.selenium.GridTestclass">
        <test-method status="FAIL" signature="launchapp(java.lang.String)[pri:0, instance:com.selenium.GridTestclass@3c756e4d]" name="launchapp" is-config="true" duration-ms="0" started-at="2018-12-24T15:24:31Z" finished-at="2018-12-24T15:24:31Z">
          <exception class="org.testng.TestNGException">
            <message>
              <![CDATA[
Parameter 'browser' is required by @Configuration on method launchapp but has not been marked @Optional or defined
in C:\Users\abc\AppData\Local\Temp\testng-eclipse--382744099\testng-customsuite.xml]]>
            </message>
            <full-stacktrace>
              <![CDATA[org.testng.TestNGException: 
Parameter 'browser' is required by @Configuration on method launchapp but has not been marked @Optional or defined
in C:\Users\abc\AppData\Local\Temp\testng-eclipse--382744099\testng-customsuite.xml
	at org.testng.internal.Parameters.createParameters(Parameters.java:154)
	at org.testng.internal.Parameters.createParameters(Parameters.java:361)
	at org.testng.internal.Parameters.createConfigurationParameters(Parameters.java:84)
	at org.testng.internal.Invoker.invokeConfigurations(Invoker.java:197)
	at org.testng.internal.Invoker.invokeConfigurations(Invoker.java:138)
	at org.testng.TestRunner.beforeRun(TestRunner.java:648)
	at org.testng.TestRunner.run(TestRunner.java:616)
	at org.testng.SuiteRunner.runTest(SuiteRunner.java:359)
	at org.testng.SuiteRunner.runSequentially(SuiteRunner.java:354)
	at org.testng.SuiteRunner.privateRun(SuiteRunner.java:312)
	at org.testng.SuiteRunner.run(SuiteRunner.java:261)
	at org.testng.SuiteRunnerWorker.runSuite(SuiteRunnerWorker.java:52)
	at org.testng.SuiteRunnerWorker.run(SuiteRunnerWorker.java:86)
	at org.testng.TestNG.runSuitesSequentially(TestNG.java:1215)
	at org.testng.TestNG.runSuitesLocally(TestNG.java:1140)
	at org.testng.TestNG.run(TestNG.java:1048)
	at org.testng.remote.AbstractRemoteTestNG.run(AbstractRemoteTestNG.java:114)
	at org.testng.remote.RemoteTestNG.initAndRun(RemoteTestNG.java:251)
	at org.testng.remote.RemoteTestNG.main(RemoteTestNG.java:77)
]]>
            </full-stacktrace>
          </exception> <!-- org.testng.TestNGException -->
          <reporter-output>
          </reporter-output>
        </test-method> <!-- launchapp -->
        <test-method status="SKIP" signature="testUnameBlankMessage()[pri:0, instance:com.selenium.GridTestclass@3c756e4d]" name="testUnameBlankMessage" duration-ms="7" started-at="2018-12-24T15:24:31Z" finished-at="2018-12-24T15:24:31Z">
          <reporter-output>
          </reporter-output>
        </test-method> <!-- testUnameBlankMessage -->
        <test-method status="SKIP" signature="closeBrowser()[pri:0, instance:com.selenium.GridTestclass@3c756e4d]" name="closeBrowser" is-config="true" duration-ms="0" started-at="2018-12-24T15:24:31Z" finished-at="2018-12-24T15:24:31Z">
          <reporter-output>
          </reporter-output>
        </test-method> <!-- closeBrowser -->
      </class> <!-- com.selenium.GridTestclass -->
    </test> <!-- Default test -->
  </suite> <!-- Default suite -->
</testng-results>
